root -INFO - Energy for opt coeffs: 9.258447385576509e-16 || True || 1.0 || [2.04388746e-13 5.79646116e-14 1.24521730e-13 1.00000000e+00]
root -INFO - Coeffs from ADIIS: [2.04388746e-13 5.79646116e-14 1.24521730e-13 1.00000000e+00]
root -INFO - MAX ADIIS: 0.9999999999996132
root -INFO - Coeffs from CDIIS: [ 3.97091436e-04  1.03811737e+00 -4.53264862e+00  4.49413416e+00]
root -INFO - DOING ADIIS: sum of coeffs: 1.0
root -INFO - DOING CDIIS: sum of coeffs: 2.0
root -INFO - Energy for opt coeffs: -1.7707577283299632e-05 || True || 1.0 || [8.59023752e-16 1.22541119e-14 1.57265849e-14 3.57678760e-01
 6.42321240e-01]
root -INFO - Coeffs from ADIIS: [8.59023752e-16 1.22541119e-14 1.57265849e-14 3.57678760e-01
 6.42321240e-01]
root -INFO - MAX ADIIS: 0.6423212396639892
root -INFO - Coeffs from CDIIS: [-9.31695462e-04 -2.11502274e-01  1.55722505e+00 -1.52612082e+00
  1.18132974e+00]
root -INFO - DOING ADIIS: sum of coeffs: 1.0
root -INFO - DOING CDIIS: sum of coeffs: 1.9999999999999998
root -INFO - Energy for opt coeffs: 1.950415474032829e-14 || True || 1.0 || [4.22642800e-13 4.22687819e-13 1.85054732e-11 1.15690920e-11
 1.95170668e-09 9.99999998e-01]
root -INFO - Coeffs from ADIIS: [4.22642800e-13 4.22687819e-13 1.85054732e-11 1.15690920e-11
 1.95170668e-09 9.99999998e-01]
root -INFO - MAX ADIIS: 0.9999999980173735
root -INFO - Coeffs from CDIIS: [-5.58818990e-05 -1.19584458e-01  3.86516684e-01 -2.94835905e-01
 -2.43319729e-02  1.05229153e+00]
root -INFO - DOING ADIIS: sum of coeffs: 1.0
root -INFO - DOING CDIIS: sum of coeffs: 2.0
root -INFO - Energy for opt coeffs: -1.3466801412189031e-08 || True || 1.0 || [3.54633789e-16 4.82759874e-14 6.98893535e-13 6.39848785e-15
 1.30920255e-01 8.69079745e-01]
root -INFO - Coeffs from ADIIS: [3.54633789e-16 4.82759874e-14 6.98893535e-13 6.39848785e-15
 1.30920255e-01 8.69079745e-01]
root -INFO - MAX ADIIS: 0.8690797451411477
root -INFO - Coeffs from CDIIS: [ 0.00094486 -0.01021719  0.01085389 -0.01534274  0.2242614   0.78949978]
root -INFO - DOING ADIIS: sum of coeffs: 1.0
root -INFO - DOING CDIIS: sum of coeffs: 2.0
root -INFO - Energy for opt coeffs: 6.781628407712708e-14 || True || 0.9999999999999999 || [2.72652692e-10 9.61046816e-11 3.54051348e-10 3.19015496e-08
 4.81000287e-07 9.99999486e-01]
root -INFO - Coeffs from ADIIS: [2.72652692e-10 9.61046816e-11 3.54051348e-10 3.19015496e-08
 4.81000287e-07 9.99999486e-01]
root -INFO - MAX ADIIS: 0.9999994863753542
root -INFO - Coeffs from CDIIS: [-0.00209845  0.00254119 -0.00263685  0.01461333  0.04700544  0.94057534]
root -INFO - DOING ADIIS: sum of coeffs: 1.0
root -INFO - DOING CDIIS: sum of coeffs: 2.0
root -INFO - Energy for opt coeffs: 1.7678488001255276e-11 || True || 1.0 || [7.97672239e-12 1.98265632e-10 5.23241409e-07 3.22527552e-04
 5.05302462e-01 4.94374487e-01]
root -INFO - Coeffs from ADIIS: [7.97672239e-12 1.98265632e-10 5.23241409e-07 3.22527552e-04
 5.05302462e-01 4.94374487e-01]
root -INFO - MAX ADIIS: 0.5053024618087456
root -INFO - Coeffs from CDIIS: [ 8.26236518e-06  5.44581445e-05 -4.24935460e-04  2.18961102e-04
  1.46159610e-01  8.53983644e-01]
root -INFO - CDIIS: sum of coeffs: 1.0
