root -INFO - Energy for opt coeffs: 2.957979202647359e-17 || True || 1.0 || [2.10983792e-14 1.00000000e+00]
root -INFO - Coeffs from ADIIS: [2.10983792e-14 1.00000000e+00]
root -INFO - MAX ADIIS: 0.9999999999999789
root -INFO - Coeffs from CDIIS: [0.0066799 0.9933201]
root -INFO - DOING ADIIS: sum of coeffs: 1.0
root -INFO - DOING CDIIS: sum of coeffs: 2.0
root -INFO - Energy for opt coeffs: -5.228797539256399e-05 || True || 0.9999999999999999 || [5.93309363e-16 5.75213990e-01 4.24786010e-01]
root -INFO - Coeffs from ADIIS: [5.93309363e-16 5.75213990e-01 4.24786010e-01]
root -INFO - MAX ADIIS: 0.575213990131577
root -INFO - Coeffs from CDIIS: [-0.0050375  0.5381751  0.4668624]
root -INFO - DOING ADIIS: sum of coeffs: 1.0
root -INFO - DOING CDIIS: sum of coeffs: 2.0
root -INFO - Energy for opt coeffs: 8.715570047925295e-14 || True || 1.0 || [7.98779522e-13 2.14354093e-09 1.96738706e-10 9.99999998e-01]
root -INFO - Coeffs from ADIIS: [7.98779522e-13 2.14354093e-09 1.96738706e-10 9.99999998e-01]
root -INFO - MAX ADIIS: 0.9999999976589217
root -INFO - Coeffs from CDIIS: [-0.00239739  0.04301377  0.07032943  0.8890542 ]
root -INFO - DOING ADIIS: sum of coeffs: 1.0
root -INFO - DOING CDIIS: sum of coeffs: 1.9999999999999998
root -INFO - Energy for opt coeffs: 3.5133287179522382e-12 || True || 1.0000000000000002 || [2.00299915e-12 2.75325575e-10 2.64409921e-10 5.45835392e-05
 9.99945416e-01]
root -INFO - Coeffs from ADIIS: [2.00299915e-12 2.75325575e-10 2.64409921e-10 5.45835392e-05
 9.99945416e-01]
root -INFO - MAX ADIIS: 0.9999454159190123
root -INFO - Coeffs from CDIIS: [-2.37887268e-04 -8.54842118e-03 -9.25425073e-03  1.69375903e-01
  8.48664656e-01]
root -INFO - DOING ADIIS: sum of coeffs: 1.0
root -INFO - DOING CDIIS: sum of coeffs: 2.0
root -INFO - Energy for opt coeffs: 1.6708079595742244e-15 || True || 1.0000000000000002 || [1.26709174e-13 1.17979617e-13 4.45156961e-12 6.24665901e-09
 4.17535652e-08 9.99999952e-01]
root -INFO - Coeffs from ADIIS: [1.26709174e-13 1.17979617e-13 4.45156961e-12 6.24665901e-09
 4.17535652e-08 9.99999952e-01]
root -INFO - MAX ADIIS: 0.9999999519950797
root -INFO - Coeffs from CDIIS: [ 3.82579318e-05  9.08003699e-04  5.72295604e-04 -2.76662082e-02
 -7.97035337e-02  1.10585118e+00]
root -INFO - DOING ADIIS: sum of coeffs: 1.0
root -INFO - DOING CDIIS: sum of coeffs: 2.0
root -INFO - Energy for opt coeffs: 4.4126888693101085e-11 || True || 1.0 || [3.66485032e-10 2.01587071e-09 5.58467328e-06 1.45736526e-03
 5.01057228e-01 4.97479819e-01]
root -INFO - Coeffs from ADIIS: [3.66485032e-10 2.01587071e-09 5.58467328e-06 1.45736526e-03
 5.01057228e-01 4.97479819e-01]
root -INFO - MAX ADIIS: 0.5010572284940686
root -INFO - Coeffs from CDIIS: [ 3.50378779e-05 -1.11519173e-05 -1.93682997e-04 -1.99226110e-03
 -9.74189243e-02  1.09958098e+00]
root -INFO - CDIIS: sum of coeffs: 0.9999999999999999
root -INFO - Energy for opt coeffs: 2.5541875299458297e-11 || True || 1.0 || [1.92093539e-09 7.37965107e-08 4.71533172e-04 3.33739691e-01
 3.32805577e-01 3.32983123e-01]
root -INFO - Coeffs from ADIIS: [1.92093539e-09 7.37965107e-08 4.71533172e-04 3.33739691e-01
 3.32805577e-01 3.32983123e-01]
root -INFO - MAX ADIIS: 0.3337396909225624
root -INFO - Coeffs from CDIIS: [-5.48141579e-06  1.02774897e-04  1.32802006e-04 -1.83102314e-02
  1.34605892e-01  8.83474243e-01]
root -INFO - CDIIS: sum of coeffs: 1.0
