root -INFO - Energy for opt coeffs: 4.08549597065747e-16 || True || 1.0 || [2.06882369e-15 1.33243438e-11 1.00000000e+00]
root -INFO - Coeffs from ADIIS: [2.06882369e-15 1.33243438e-11 1.00000000e+00]
root -INFO - MAX ADIIS: 0.9999999999866735
root -INFO - Coeffs from CDIIS: [-3.56722273e-03 -5.62516277e+00  6.62872999e+00]
root -INFO - DOING ADIIS: sum of coeffs: 1.0
root -INFO - DOING CDIIS: sum of coeffs: 2.0
root -INFO - Energy for opt coeffs: 1.9911968604483906e-18 || True || 1.0 || [8.89843896e-17 8.05181491e-18 1.26618141e-14 1.00000000e+00]
root -INFO - Coeffs from ADIIS: [8.89843896e-17 8.05181491e-18 1.26618141e-14 1.00000000e+00]
root -INFO - MAX ADIIS: 0.9999999999999872
root -INFO - Coeffs from CDIIS: [ 7.84000448e-04  1.07630926e-01 -2.13569936e-01  1.10515501e+00]
root -INFO - DOING ADIIS: sum of coeffs: 1.0
root -INFO - DOING CDIIS: sum of coeffs: 2.0
root -INFO - Energy for opt coeffs: 1.0541776012104648e-14 || True || 0.9999999999999999 || [4.05038664e-15 3.31013073e-13 6.89454377e-11 6.16440594e-13
 1.00000000e+00]
root -INFO - Coeffs from ADIIS: [4.05038664e-15 3.31013073e-13 6.89454377e-11 6.16440594e-13
 1.00000000e+00]
root -INFO - MAX ADIIS: 0.9999999999301029
root -INFO - Coeffs from CDIIS: [ 0.00151813  1.08531766 -1.32956241  0.49768968  0.74503694]
root -INFO - DOING ADIIS: sum of coeffs: 1.0
root -INFO - DOING CDIIS: sum of coeffs: 2.0
root -INFO - Energy for opt coeffs: 5.3519745752324734e-15 || True || 1.0 || [6.58186460e-13 1.15391000e-13 5.63058796e-13 8.68483871e-10
 5.76032211e-10 9.99999999e-01]
root -INFO - Coeffs from ADIIS: [6.58186460e-13 1.15391000e-13 5.63058796e-13 8.68483871e-10
 5.76032211e-10 9.99999999e-01]
root -INFO - MAX ADIIS: 0.9999999985541472
root -INFO - Coeffs from CDIIS: [-2.37231194e-04 -1.41790675e-01  1.77655563e-01 -1.20579099e-01
 -6.44453698e-02  1.14939681e+00]
root -INFO - DOING ADIIS: sum of coeffs: 1.0
root -INFO - DOING CDIIS: sum of coeffs: 2.0
root -INFO - Energy for opt coeffs: 3.278354422872935e-13 || True || 1.0 || [3.76062911e-11 5.68321147e-13 4.14219053e-13 2.45307631e-07
 2.13721544e-05 9.99978382e-01]
root -INFO - Coeffs from ADIIS: [3.76062911e-11 5.68321147e-13 4.14219053e-13 2.45307631e-07
 2.13721544e-05 9.99978382e-01]
root -INFO - MAX ADIIS: 0.9999783824994101
root -INFO - Coeffs from CDIIS: [-0.02386642  0.02893168 -0.01264348 -0.0193708  -0.04389509  1.0708441 ]
root -INFO - DOING ADIIS: sum of coeffs: 1.0
root -INFO - DOING CDIIS: sum of coeffs: 2.0
root -INFO - Energy for opt coeffs: 1.9290535569126385e-10 || True || 1.0000000000000002 || [1.25463031e-11 2.29751112e-08 5.00006790e-08 6.85943367e-05
 5.19120338e-01 4.80810994e-01]
root -INFO - Coeffs from ADIIS: [1.25463031e-11 2.29751112e-08 5.00006790e-08 6.85943367e-05
 5.19120338e-01 4.80810994e-01]
root -INFO - MAX ADIIS: 0.5191203383150782
root -INFO - Coeffs from CDIIS: [-2.11993192e-04  3.24908227e-03 -5.07257657e-04 -4.81632777e-02
  3.43546177e-02  1.01127883e+00]
root -INFO - CDIIS: sum of coeffs: 1.0
root -INFO - Energy for opt coeffs: 1.5053529706469343e-10 || True || 1.0 || [3.16554184e-08 4.81749921e-08 9.38301061e-05 3.40366354e-01
 3.31465084e-01 3.28074652e-01]
root -INFO - Coeffs from ADIIS: [3.16554184e-08 4.81749921e-08 9.38301061e-05 3.40366354e-01
 3.31465084e-01 3.28074652e-01]
root -INFO - MAX ADIIS: 0.3403663535851413
root -INFO - Coeffs from CDIIS: [-3.32547260e-04 -1.45882423e-05  1.28557320e-02 -5.04151346e-02
 -2.94172066e-01  1.33207860e+00]
root -INFO - CDIIS: sum of coeffs: 1.0
root -INFO - Energy for opt coeffs: 1.2380246637672027e-10 || True || 1.0 || [1.18980526e-06 4.47561907e-04 2.50429307e-01 2.51200191e-01
 2.49473451e-01 2.48448299e-01]
root -INFO - Coeffs from ADIIS: [1.18980526e-06 4.47561907e-04 2.50429307e-01 2.51200191e-01
 2.49473451e-01 2.48448299e-01]
root -INFO - MAX ADIIS: 0.2512001912854757
root -INFO - Coeffs from CDIIS: [ 1.35925437e-05 -6.27726852e-04  6.67827198e-03  6.32231248e-03
 -1.36249364e-01  1.12386291e+00]
root -INFO - CDIIS: sum of coeffs: 1.0
