root -INFO - Energy for opt coeffs: 6.582925849833456e-15 || True || 1.0 || [9.35311114e-14 2.40598673e-10 1.00000000e+00]
root -INFO - Coeffs from ADIIS: [9.35311114e-14 2.40598673e-10 1.00000000e+00]
root -INFO - MAX ADIIS: 0.9999999997593079
root -INFO - Coeffs from CDIIS: [ 0.00216077 -0.76657653  1.76441576]
root -INFO - DOING ADIIS: sum of coeffs: 1.0
root -INFO - DOING CDIIS: sum of coeffs: 2.0
root -INFO - Energy for opt coeffs: 2.5633186835433032e-17 || True || 1.0 || [5.12594334e-15 2.52091579e-13 4.93575284e-12 1.00000000e+00]
root -INFO - Coeffs from ADIIS: [5.12594334e-15 2.52091579e-13 4.93575284e-12 1.00000000e+00]
root -INFO - MAX ADIIS: 0.999999999994807
root -INFO - Coeffs from CDIIS: [-0.00116223  0.19006306 -0.15900221  0.97010138]
root -INFO - DOING ADIIS: sum of coeffs: 1.0
root -INFO - DOING CDIIS: sum of coeffs: 1.9999999999999998
root -INFO - Energy for opt coeffs: 4.445136553928781e-15 || True || 1.0 || [1.99880497e-13 3.43328126e-11 2.26897561e-11 2.51065815e-08
 9.99999975e-01]
root -INFO - Coeffs from ADIIS: [1.99880497e-13 3.43328126e-11 2.26897561e-11 2.51065815e-08
 9.99999975e-01]
root -INFO - MAX ADIIS: 0.9999999748361962
root -INFO - Coeffs from CDIIS: [-3.41629583e-04  2.92651678e-02 -1.97368098e-02  2.84573853e-01
  7.06239419e-01]
root -INFO - DOING ADIIS: sum of coeffs: 1.0
root -INFO - DOING CDIIS: sum of coeffs: 2.0
root -INFO - Energy for opt coeffs: 1.8787888786192144e-14 || True || 1.0000000000000002 || [1.13018852e-12 4.04655670e-10 2.30555044e-11 2.57121619e-08
 7.42992319e-10 9.99999973e-01]
root -INFO - Coeffs from ADIIS: [1.13018852e-12 4.04655670e-10 2.30555044e-11 2.57121619e-08
 7.42992319e-10 9.99999973e-01]
root -INFO - MAX ADIIS: 0.9999999731160045
root -INFO - Coeffs from CDIIS: [-1.40698024e-06 -2.72445861e-03  2.59196627e-03 -1.80040227e-04
  5.56405154e-02  9.44673424e-01]
root -INFO - DOING ADIIS: sum of coeffs: 1.0
root -INFO - DOING CDIIS: sum of coeffs: 2.0
root -INFO - Energy for opt coeffs: 2.724257502251096e-11 || True || 1.0 || [1.03934720e-09 1.10506263e-08 7.11347710e-07 9.01298741e-04
 4.97283434e-01 5.01814544e-01]
root -INFO - Coeffs from ADIIS: [1.03934720e-09 1.10506263e-08 7.11347710e-07 9.01298741e-04
 4.97283434e-01 5.01814544e-01]
root -INFO - MAX ADIIS: 0.5018145440581808
root -INFO - Coeffs from CDIIS: [-5.65872478e-04  5.62210680e-04 -1.86591662e-03  2.28614943e-03
  6.92671054e-02  9.30316324e-01]
root -INFO - CDIIS: sum of coeffs: 1.0
