root -INFO - Energy for opt coeffs: 8.737678395248954e-17 || True || 0.9999999999999999 || [1.34232879e-14 2.11121922e-12 1.00000000e+00]
root -INFO - Coeffs from ADIIS: [1.34232879e-14 2.11121922e-12 1.00000000e+00]
root -INFO - MAX ADIIS: 0.9999999999978753
root -INFO - Coeffs from CDIIS: [-0.01278247 -1.32749048  2.34027295]
root -INFO - DOING ADIIS: sum of coeffs: 1.0
root -INFO - DOING CDIIS: sum of coeffs: 2.0
root -INFO - Energy for opt coeffs: 6.574464101035725e-17 || True || 1.0 || [5.68986069e-16 1.01927287e-13 1.96237530e-12 1.00000000e+00]
root -INFO - Coeffs from ADIIS: [5.68986069e-16 1.01927287e-13 1.96237530e-12 1.00000000e+00]
root -INFO - MAX ADIIS: 0.9999999999979351
root -INFO - Coeffs from CDIIS: [-0.00126415  0.65574456 -0.91592581  1.26144539]
root -INFO - DOING ADIIS: sum of coeffs: 1.0
root -INFO - DOING CDIIS: sum of coeffs: 2.0
root -INFO - Energy for opt coeffs: 9.798408015899587e-14 || True || 1.0 || [1.05715579e-14 1.96895359e-10 2.37342725e-09 1.74206836e-09
 9.99999996e-01]
root -INFO - Coeffs from ADIIS: [1.05715579e-14 1.96895359e-10 2.37342725e-09 1.74206836e-09
 9.99999996e-01]
root -INFO - MAX ADIIS: 0.9999999956875986
root -INFO - Coeffs from CDIIS: [ 8.66539223e-07  2.15118871e-01 -3.11455571e-01  3.42440956e-01
  7.53894877e-01]
root -INFO - DOING ADIIS: sum of coeffs: 1.0
root -INFO - DOING CDIIS: sum of coeffs: 2.0
root -INFO - Energy for opt coeffs: 7.321768604206657e-15 || True || 1.0 || [1.04922825e-15 7.06414469e-13 1.53665914e-13 6.15097521e-09
 1.47444628e-08 9.99999979e-01]
root -INFO - Coeffs from ADIIS: [1.04922825e-15 7.06414469e-13 1.53665914e-13 6.15097521e-09
 1.47444628e-08 9.99999979e-01]
root -INFO - MAX ADIIS: 0.9999999791037009
root -INFO - Coeffs from CDIIS: [ 8.22081592e-05 -2.17284773e-02  3.05717364e-02 -4.93396609e-02
 -4.07881431e-02  1.08120234e+00]
root -INFO - DOING ADIIS: sum of coeffs: 1.0
root -INFO - DOING CDIIS: sum of coeffs: 2.0
root -INFO - Energy for opt coeffs: 9.365518237601514e-10 || True || 1.0 || [1.19555503e-15 3.24411909e-10 9.23859930e-10 8.60447996e-10
 4.96038306e-01 5.03961691e-01]
root -INFO - Coeffs from ADIIS: [1.19555503e-15 3.24411909e-10 9.23859930e-10 8.60447996e-10
 4.96038306e-01 5.03961691e-01]
root -INFO - MAX ADIIS: 0.5039616914761814
root -INFO - Coeffs from CDIIS: [ 1.81773897e-04 -3.36102972e-05  2.79279753e-04 -1.30962425e-02
 -1.51117082e-01  1.16378588e+00]
root -INFO - CDIIS: sum of coeffs: 1.0
root -INFO - Energy for opt coeffs: 7.096857336566569e-10 || True || 1.0 || [1.55447106e-10 5.60130790e-10 9.62127005e-08 3.25267970e-01
 3.38504709e-01 3.36227224e-01]
root -INFO - Coeffs from ADIIS: [1.55447106e-10 5.60130790e-10 9.62127005e-08 3.25267970e-01
 3.38504709e-01 3.36227224e-01]
root -INFO - MAX ADIIS: 0.33850470922927134
root -INFO - Coeffs from CDIIS: [ 3.02317498e-05  2.34201623e-04 -1.02786617e-03 -1.18644923e-02
 -2.98937276e-02  1.04252165e+00]
root -INFO - CDIIS: sum of coeffs: 1.0
root -INFO - Energy for opt coeffs: 5.704307930391713e-10 || True || 1.0 || [9.95945954e-07 5.73777412e-04 2.39715077e-01 2.54057963e-01
 2.52888554e-01 2.52763633e-01]
root -INFO - Coeffs from ADIIS: [9.95945954e-07 5.73777412e-04 2.39715077e-01 2.54057963e-01
 2.52888554e-01 2.52763633e-01]
root -INFO - MAX ADIIS: 0.2540579627340394
root -INFO - Coeffs from CDIIS: [ 8.93794123e-05  2.79140852e-04  6.37477465e-04 -1.67816730e-02
  3.94578703e-02  9.76317805e-01]
root -INFO - CDIIS: sum of coeffs: 1.0
