root -INFO - Energy for opt coeffs: 4.268962931364392e-18 || True || 1.0 || [4.11191898e-15 1.00000000e+00]
root -INFO - Coeffs from ADIIS: [4.11191898e-15 1.00000000e+00]
root -INFO - MAX ADIIS: 0.9999999999999959
root -INFO - Coeffs from CDIIS: [0.0079267 0.9920733]
root -INFO - DOING ADIIS: sum of coeffs: 1.0
root -INFO - DOING CDIIS: sum of coeffs: 2.0
root -INFO - Energy for opt coeffs: 3.5113993096129493e-15 || True || 1.0 || [2.30799120e-13 4.73458024e-10 1.00000000e+00]
root -INFO - Coeffs from ADIIS: [2.30799120e-13 4.73458024e-10 1.00000000e+00]
root -INFO - MAX ADIIS: 0.9999999995263111
root -INFO - Coeffs from CDIIS: [-0.04843036  0.44210956  0.6063208 ]
root -INFO - DOING ADIIS: sum of coeffs: 1.0
root -INFO - DOING CDIIS: sum of coeffs: 2.0
root -INFO - Energy for opt coeffs: 5.258933211268231e-15 || True || 0.9999999999999999 || [2.87383529e-13 2.27897499e-11 6.87770184e-10 9.99999999e-01]
root -INFO - Coeffs from ADIIS: [2.87383529e-13 2.27897499e-11 6.87770184e-10 9.99999999e-01]
root -INFO - MAX ADIIS: 0.9999999992891526
root -INFO - Coeffs from CDIIS: [ 0.00327574 -0.09407609  0.13267803  0.95812233]
root -INFO - DOING ADIIS: sum of coeffs: 1.0
root -INFO - DOING CDIIS: sum of coeffs: 2.0
root -INFO - Energy for opt coeffs: 7.101634172156706e-15 || True || 1.0 || [3.46672035e-12 1.08244419e-11 1.68053630e-10 1.14746293e-10
 1.00000000e+00]
root -INFO - Coeffs from ADIIS: [3.46672035e-12 1.08244419e-11 1.68053630e-10 1.14746293e-10
 1.00000000e+00]
root -INFO - MAX ADIIS: 0.999999999702909
root -INFO - Coeffs from CDIIS: [ 3.43629089e-04  1.04206976e-03 -6.59066069e-02 -9.43107128e-02
  1.15883162e+00]
root -INFO - DOING ADIIS: sum of coeffs: 1.0
root -INFO - DOING CDIIS: sum of coeffs: 2.0
root -INFO - Energy for opt coeffs: 5.759499725085445e-15 || True || 1.0 || [1.05259058e-12 6.52573433e-12 1.69607654e-10 4.47227847e-10
 1.17069526e-08 9.99999988e-01]
root -INFO - Coeffs from ADIIS: [1.05259058e-12 6.52573433e-12 1.69607654e-10 4.47227847e-10
 1.17069526e-08 9.99999988e-01]
root -INFO - MAX ADIIS: 0.9999999876686336
root -INFO - Coeffs from CDIIS: [-8.65975555e-05  3.87926494e-03  1.25761493e-03 -4.06311056e-02
 -1.33409023e-01  1.16898985e+00]
root -INFO - DOING ADIIS: sum of coeffs: 1.0
root -INFO - DOING CDIIS: sum of coeffs: 2.0
root -INFO - Energy for opt coeffs: 2.096108276647598e-09 || True || 1.0000000000000002 || [9.50813545e-11 2.34186888e-08 1.39692669e-10 6.16144779e-09
 5.15547052e-01 4.84452918e-01]
root -INFO - Coeffs from ADIIS: [9.50813545e-11 2.34186888e-08 1.39692669e-10 6.16144779e-09
 5.15547052e-01 4.84452918e-01]
root -INFO - MAX ADIIS: 0.5155470521302871
root -INFO - Coeffs from CDIIS: [ 8.41486845e-06  3.18080909e-03  3.57567303e-03 -5.74719167e-02
  4.74792120e-02  1.00322781e+00]
root -INFO - CDIIS: sum of coeffs: 1.0
root -INFO - Energy for opt coeffs: 1.5453007886818923e-09 || True || 0.9999999999999999 || [1.57003243e-08 7.25132460e-09 8.94160907e-08 3.38070691e-01
 3.32844789e-01 3.29084407e-01]
root -INFO - Coeffs from ADIIS: [1.57003243e-08 7.25132460e-09 8.94160907e-08 3.38070691e-01
 3.32844789e-01 3.29084407e-01]
root -INFO - MAX ADIIS: 0.3380706909249496
root -INFO - Coeffs from CDIIS: [-3.99996496e-04 -1.40932650e-04  6.05610787e-03 -1.23781508e-02
 -9.21623589e-02  1.09902533e+00]
root -INFO - CDIIS: sum of coeffs: 0.9999999999999999
root -INFO - Energy for opt coeffs: 2.0868950836312395e-11 || True || 1.0 || [2.55275435e-08 6.92206142e-08 1.71999063e-04 3.40291455e-01
 3.30395930e-01 3.29140521e-01]
root -INFO - Coeffs from ADIIS: [2.55275435e-08 6.92206142e-08 1.71999063e-04 3.40291455e-01
 3.30395930e-01 3.29140521e-01]
root -INFO - MAX ADIIS: 0.3402914547464208
root -INFO - Coeffs from CDIIS: [-6.84375474e-05  3.81938456e-04  6.49171873e-04 -5.92418748e-03
 -2.08818277e-01  1.21377979e+00]
root -INFO - CDIIS: sum of coeffs: 1.0000000000000002
