root -INFO - Energy for opt coeffs: 5.84568557223029e-17 || True || 1.0 || [9.52383190e-15 9.21214676e-14 1.00000000e+00]
root -INFO - Coeffs from ADIIS: [9.52383190e-15 9.21214676e-14 1.00000000e+00]
root -INFO - MAX ADIIS: 0.9999999999998983
root -INFO - Coeffs from CDIIS: [-0.00786703 -0.73624984  1.74411687]
root -INFO - DOING ADIIS: sum of coeffs: 1.0
root -INFO - DOING CDIIS: sum of coeffs: 2.0
root -INFO - Energy for opt coeffs: -6.680301048091302e-05 || True || 1.0 || [1.07365493e-16 2.92496009e-12 4.80472307e-01 5.19527693e-01]
root -INFO - Coeffs from ADIIS: [1.07365493e-16 2.92496009e-12 4.80472307e-01 5.19527693e-01]
root -INFO - MAX ADIIS: 0.5195276931247333
root -INFO - Coeffs from CDIIS: [-0.00458066  0.45792728 -0.26131028  0.80796366]
root -INFO - DOING ADIIS: sum of coeffs: 1.0
root -INFO - DOING CDIIS: sum of coeffs: 2.0
root -INFO - Energy for opt coeffs: 3.540148997439312e-15 || True || 1.0 || [5.45175030e-13 5.52196199e-13 2.39403443e-11 7.03860764e-12
 1.00000000e+00]
root -INFO - Coeffs from ADIIS: [5.45175030e-13 5.52196199e-13 2.39403443e-11 7.03860764e-12
 1.00000000e+00]
root -INFO - MAX ADIIS: 0.9999999999679238
root -INFO - Coeffs from CDIIS: [-0.00092518 -0.01890642  0.06180539  0.06422245  0.89380376]
root -INFO - DOING ADIIS: sum of coeffs: 1.0
root -INFO - DOING CDIIS: sum of coeffs: 2.0
root -INFO - Energy for opt coeffs: -1.028095443356932e-08 || True || 1.0 || [2.32752927e-15 9.48154781e-13 6.35550306e-13 4.37976296e-13
 1.63831564e-01 8.36168436e-01]
root -INFO - Coeffs from ADIIS: [2.32752927e-15 9.48154781e-13 6.35550306e-13 4.37976296e-13
 1.63831564e-01 8.36168436e-01]
root -INFO - MAX ADIIS: 0.8361684355319478
root -INFO - Coeffs from CDIIS: [ 8.06680564e-06  1.80068428e-02 -2.71381106e-02  1.90206195e-03
  1.08260035e-01  8.98961104e-01]
root -INFO - DOING ADIIS: sum of coeffs: 1.0
root -INFO - DOING CDIIS: sum of coeffs: 2.0
root -INFO - Energy for opt coeffs: 1.6379572993485576e-11 || True || 1.0000000000000002 || [3.34695631e-11 1.66308914e-10 1.55274393e-09 1.21495012e-04
 1.08762411e-04 9.99769741e-01]
root -INFO - Coeffs from ADIIS: [3.34695631e-11 1.66308914e-10 1.55274393e-09 1.21495012e-04
 1.08762411e-04 9.99769741e-01]
root -INFO - MAX ADIIS: 0.9997697408237417
root -INFO - Coeffs from CDIIS: [ 5.04670321e-04 -9.31103368e-04  4.07563571e-05  2.57974465e-03
  4.25998517e-02  9.55206080e-01]
root -INFO - DOING ADIIS: sum of coeffs: 0.9999999999999999
root -INFO - DOING CDIIS: sum of coeffs: 1.9999999999999998
root -INFO - Energy for opt coeffs: 1.2257844879018478e-11 || True || 1.0000000000000002 || [1.82975779e-11 1.04862988e-11 1.46318831e-09 1.66936551e-08
 5.05678733e-01 4.94321249e-01]
root -INFO - Coeffs from ADIIS: [1.82975779e-11 1.04862988e-11 1.46318831e-09 1.66936551e-08
 5.05678733e-01 4.94321249e-01]
root -INFO - MAX ADIIS: 0.505678733299436
root -INFO - Coeffs from CDIIS: [-4.02749954e-05 -5.56718399e-06 -5.57356062e-05  3.84822426e-03
  2.26903294e-01  7.69350060e-01]
root -INFO - CDIIS: sum of coeffs: 1.0
