root -INFO - Energy for opt coeffs: 1.4817218540635787e-17 || True || 1.0 || [1.28080497e-14 5.25908552e-15 1.00000000e+00]
root -INFO - Coeffs from ADIIS: [1.28080497e-14 5.25908552e-15 1.00000000e+00]
root -INFO - MAX ADIIS: 0.999999999999982
root -INFO - Coeffs from CDIIS: [-7.59367566e-06 -8.01978008e-01  1.80198560e+00]
root -INFO - DOING ADIIS: sum of coeffs: 1.0
root -INFO - DOING CDIIS: sum of coeffs: 2.0
root -INFO - Energy for opt coeffs: -7.429675500243756e-05 || True || 1.0 || [7.54917298e-13 6.17300216e-12 5.06349749e-01 4.93650251e-01]
root -INFO - Coeffs from ADIIS: [7.54917298e-13 6.17300216e-12 5.06349749e-01 4.93650251e-01]
root -INFO - MAX ADIIS: 0.5063497491741448
root -INFO - Coeffs from CDIIS: [-1.20808844e-03  1.12618455e+00 -1.31759115e+00  1.19261468e+00]
root -INFO - DOING ADIIS: sum of coeffs: 1.0
root -INFO - DOING CDIIS: sum of coeffs: 2.0
root -INFO - Energy for opt coeffs: 7.793923729646805e-14 || True || 1.0 || [5.36875491e-13 9.55215636e-15 7.92501925e-10 1.02742825e-09
 9.99999998e-01]
root -INFO - Coeffs from ADIIS: [5.36875491e-13 9.55215636e-15 7.92501925e-10 1.02742825e-09
 9.99999998e-01]
root -INFO - MAX ADIIS: 0.9999999981795233
root -INFO - Coeffs from CDIIS: [-3.16487590e-04  1.30354204e-01 -1.56987640e-01  1.34586560e-01
  8.92363364e-01]
root -INFO - DOING ADIIS: sum of coeffs: 1.0
root -INFO - DOING CDIIS: sum of coeffs: 2.0
root -INFO - Energy for opt coeffs: 1.0906579283606222e-09 || True || 1.0 || [4.43982314e-13 2.62062211e-11 3.78926591e-11 1.79903916e-11
 4.99955663e-01 5.00044336e-01]
root -INFO - Coeffs from ADIIS: [4.43982314e-13 2.62062211e-11 3.78926591e-11 1.79903916e-11
 4.99955663e-01 5.00044336e-01]
root -INFO - MAX ADIIS: 0.5000443364759675
root -INFO - Coeffs from CDIIS: [-1.34273038e-05 -1.23501050e-02  1.33258635e-02 -1.42348196e-02
  1.17971596e-01  8.95300892e-01]
root -INFO - DOING ADIIS: sum of coeffs: 1.0
root -INFO - DOING CDIIS: sum of coeffs: 2.0
root -INFO - Energy for opt coeffs: 7.667805875867148e-10 || True || 1.0 || [3.54890067e-13 4.24990181e-12 2.87686975e-12 3.33300721e-01
 3.33347450e-01 3.33351830e-01]
root -INFO - Coeffs from ADIIS: [3.54890067e-13 4.24990181e-12 2.87686975e-12 3.33300721e-01
 3.33347450e-01 3.33351830e-01]
root -INFO - MAX ADIIS: 0.33335182958376797
root -INFO - Coeffs from CDIIS: [-2.46771819e-04  2.31631602e-04 -2.67321100e-04 -1.35786887e-03
  1.80754652e-02  9.83564865e-01]
root -INFO - CDIIS: sum of coeffs: 1.0
